[debug] [2022-04-29T05:36:15.738Z] ----------------------------------------------------------------------
[debug] [2022-04-29T05:36:15.739Z] Command:       /Users/alexmusca/.nvm/versions/node/v16.2.0/bin/node /Users/alexmusca/.nvm/versions/node/v16.2.0/bin/firebase emulators:start
[debug] [2022-04-29T05:36:15.739Z] CLI Version:   10.1.0
[debug] [2022-04-29T05:36:15.739Z] Platform:      darwin
[debug] [2022-04-29T05:36:15.739Z] Node Version:  v16.2.0
[debug] [2022-04-29T05:36:15.739Z] Time:          Fri Apr 29 2022 08:36:15 GMT+0300 (Eastern European Summer Time)
[debug] [2022-04-29T05:36:15.740Z] ----------------------------------------------------------------------
[debug] 
[debug] [2022-04-29T05:36:15.763Z] > command requires scopes: ["email","openid","https://www.googleapis.com/auth/cloudplatformprojects.readonly","https://www.googleapis.com/auth/firebase","https://www.googleapis.com/auth/cloud-platform"]
[debug] [2022-04-29T05:36:15.763Z] > authorizing via signed-in user (musca.alexandru@gmail.com)
[info] i  emulators: Starting emulators: auth, database {"metadata":{"emulator":{"name":"hub"},"message":"Starting emulators: auth, database"}}
[debug] [2022-04-29T05:36:15.772Z] [hub] writing locator at /var/folders/xv/v80kwz757616_cz4fprp28bc0000gn/T/hub-npm-explorer.json
[debug] [2022-04-29T05:36:15.824Z] > refreshing access token with scopes: []
[debug] [2022-04-29T05:36:15.824Z] >>> HTTP REQUEST POST https://www.googleapis.com/oauth2/v3/token  
 <request body omitted>
[debug] [2022-04-29T05:36:16.001Z] <<< HTTP RESPONSE 200 {"cache-control":"no-cache, no-store, max-age=0, must-revalidate","date":"Fri, 29 Apr 2022 05:36:15 GMT","expires":"Mon, 01 Jan 1990 00:00:00 GMT","pragma":"no-cache","content-type":"application/json; charset=utf-8","vary":"X-Origin, Referer, Origin,Accept-Encoding","server":"scaffolding on HTTPServer2","x-xss-protection":"0","x-frame-options":"SAMEORIGIN","x-content-type-options":"nosniff","alt-svc":"h3=\":443\"; ma=2592000,h3-29=\":443\"; ma=2592000,h3-Q050=\":443\"; ma=2592000,h3-Q046=\":443\"; ma=2592000,h3-Q043=\":443\"; ma=2592000,quic=\":443\"; ma=2592000; v=\"46,43\"","accept-ranges":"none","transfer-encoding":"chunked"}
[debug] [2022-04-29T05:36:16.048Z] >>> [apiv2][query] GET https://firebase.googleapis.com/v1beta1/projects/npm-explorer [none]
[debug] [2022-04-29T05:36:16.381Z] <<< [apiv2][status] GET https://firebase.googleapis.com/v1beta1/projects/npm-explorer 200
[debug] [2022-04-29T05:36:16.381Z] <<< [apiv2][body] GET https://firebase.googleapis.com/v1beta1/projects/npm-explorer {"projectId":"npm-explorer","projectNumber":"799721647522","displayName":"npm-explorer","name":"projects/npm-explorer","resources":{"hostingSite":"npm-explorer-ae4b4","realtimeDatabaseInstance":"npm-explorer-default-rtdb"},"state":"ACTIVE"}
[debug] [2022-04-29T05:36:16.381Z] database rules config:  [{"instance":"npm-explorer-default-rtdb","rules":"/Users/alexmusca/Developer/learn/npm-explorer/database.rules.json"}]
[debug] [2022-04-29T05:36:16.384Z] Ignoring unsupported arg: projectId {"metadata":{"emulator":{"name":"database"},"message":"Ignoring unsupported arg: projectId"}}
[debug] [2022-04-29T05:36:16.384Z] Ignoring unsupported arg: auto_download {"metadata":{"emulator":{"name":"database"},"message":"Ignoring unsupported arg: auto_download"}}
[debug] [2022-04-29T05:36:16.385Z] Ignoring unsupported arg: rules {"metadata":{"emulator":{"name":"database"},"message":"Ignoring unsupported arg: rules"}}
[debug] [2022-04-29T05:36:16.385Z] Starting Database Emulator with command {"binary":"java","args":["-Duser.language=en","-jar","/Users/alexmusca/.cache/firebase/emulators/firebase-database-emulator-v4.7.3.jar","--host","localhost","--port",9000],"optionalArgs":["port","host","functions_emulator_port","functions_emulator_host"],"joinArgs":false} {"metadata":{"emulator":{"name":"database"},"message":"Starting Database Emulator with command {\"binary\":\"java\",\"args\":[\"-Duser.language=en\",\"-jar\",\"/Users/alexmusca/.cache/firebase/emulators/firebase-database-emulator-v4.7.3.jar\",\"--host\",\"localhost\",\"--port\",9000],\"optionalArgs\":[\"port\",\"host\",\"functions_emulator_port\",\"functions_emulator_host\"],\"joinArgs\":false}"}}
[info] i  database: Database Emulator logging to database-debug.log {"metadata":{"emulator":{"name":"database"},"message":"Database Emulator logging to \u001b[1mdatabase-debug.log\u001b[22m"}}
[debug] [2022-04-29T05:36:18.216Z] 08:36:18.215 [NamespaceSystem-akka.actor.default-dispatcher-5] INFO akka.event.slf4j.Slf4jLogger - Slf4jLogger started
 {"metadata":{"emulator":{"name":"database"},"message":"08:36:18.215 [NamespaceSystem-akka.actor.default-dispatcher-5] INFO akka.event.slf4j.Slf4jLogger - Slf4jLogger started\n"}}
[debug] [2022-04-29T05:36:18.388Z] 08:36:18.388 [main] INFO com.firebase.server.forge.App$ - Listening at localhost:9000
 {"metadata":{"emulator":{"name":"database"},"message":"08:36:18.388 [main] INFO com.firebase.server.forge.App$ - Listening at localhost:9000\n"}}
[debug] [2022-04-29T05:36:22.547Z] Ignoring unsupported arg: auto_download {"metadata":{"emulator":{"name":"ui"},"message":"Ignoring unsupported arg: auto_download"}}
[debug] [2022-04-29T05:36:22.547Z] Ignoring unsupported arg: port {"metadata":{"emulator":{"name":"ui"},"message":"Ignoring unsupported arg: port"}}
[debug] [2022-04-29T05:36:22.547Z] Starting Emulator UI with command {"binary":"node","args":["/Users/alexmusca/.cache/firebase/emulators/ui-v1.6.4/server.bundle.js"],"optionalArgs":[],"joinArgs":false} {"metadata":{"emulator":{"name":"ui"},"message":"Starting Emulator UI with command {\"binary\":\"node\",\"args\":[\"/Users/alexmusca/.cache/firebase/emulators/ui-v1.6.4/server.bundle.js\"],\"optionalArgs\":[],\"joinArgs\":false}"}}
[info] i  ui: Emulator UI logging to ui-debug.log {"metadata":{"emulator":{"name":"ui"},"message":"Emulator UI logging to \u001b[1mui-debug.log\u001b[22m"}}
[debug] [2022-04-29T05:36:22.615Z] Web / API server started at localhost:4000
 {"metadata":{"emulator":{"name":"ui"},"message":"Web / API server started at localhost:4000\n"}}
[debug] [2022-04-29T05:36:22.816Z] >>> HTTP REQUEST PUT http://localhost:9000/.settings/rules.json?ns=npm-explorer-default-rtdb  
 {
  /* Visit https://firebase.google.com/docs/database/security to learn more about security rules. */
  "rules": {
    ".read": false,
    ".write": false
  }
}
[debug] [2022-04-29T05:36:22.958Z] <<< HTTP RESPONSE 200 {"content-length":"15","content-type":"application/json; charset=utf-8","access-control-allow-origin":"*","cache-control":"no-cache","x-firebase-project-id":"npm-explorer-default-rtdb","x-firebase-project-number":"123456789","x-firebase-uuid":"0f0a6037-34ee-45a3-9816-8c060c047f4d"}
[info] 
┌─────────────────────────────────────────────────────────────┐
│ ✔  All emulators ready! It is now safe to connect your app. │
│ i  View Emulator UI at http://localhost:4000                │
└─────────────────────────────────────────────────────────────┘

┌────────────────┬────────────────┬────────────────────────────────┐
│ Emulator       │ Host:Port      │ View in Emulator UI            │
├────────────────┼────────────────┼────────────────────────────────┤
│ Authentication │ localhost:9099 │ http://localhost:4000/auth     │
├────────────────┼────────────────┼────────────────────────────────┤
│ Database       │ localhost:9000 │ http://localhost:4000/database │
└────────────────┴────────────────┴────────────────────────────────┘
  Emulator Hub running at localhost:4400
  Other reserved ports: 4500

Issues? Report them at https://github.com/firebase/firebase-tools/issues and attach the *-debug.log files.
 
